<?xml version="1.0" encoding="UTF-8"?>
<testng-results ignored="0" total="1" passed="1" failed="0" skipped="0">
  <reporter-output>
  </reporter-output>
  <suite started-at="2022-03-16T11:53:17 PDT" name="Default suite" finished-at="2022-03-16T11:53:45 PDT" duration-ms="28193">
    <groups>
    </groups>
    <test started-at="2022-03-16T11:53:17 PDT" name="Default test" finished-at="2022-03-16T11:53:45 PDT" duration-ms="28193">
      <class name="TestCases.VeifyTitle_TC2">
        <test-method is-config="true" signature="initilize()[pri:0, instance:TestCases.VeifyTitle_TC2@3a44431a]" started-at="2022-03-16T11:53:17 PDT" name="initilize" finished-at="2022-03-16T11:53:45 PDT" duration-ms="27421" status="PASS">
          <reporter-output>
          </reporter-output>
        </test-method> <!-- initilize -->
        <test-method signature="validateTitle()[pri:0, instance:TestCases.VeifyTitle_TC2@3a44431a]" started-at="2022-03-16T11:53:45 PDT" name="validateTitle" finished-at="2022-03-16T11:53:45 PDT" duration-ms="213" status="PASS">
          <reporter-output>
          </reporter-output>
        </test-method> <!-- validateTitle -->
        <test-method is-config="true" signature="teardown()[pri:0, instance:TestCases.VeifyTitle_TC2@3a44431a]" started-at="2022-03-16T11:53:45 PDT" name="teardown" finished-at="2022-03-16T11:53:45 PDT" duration-ms="482" status="PASS">
          <reporter-output>
          </reporter-output>
        </test-method> <!-- teardown -->
      </class> <!-- TestCases.VeifyTitle_TC2 -->
    </test> <!-- Default test -->
  </suite> <!-- Default suite -->
</testng-results>
